The system is: Windows - 10.0.17763 - AMD64
Compiling the C compiler identification source file "CMakeCCompilerId.c" succeeded.
Compiler: C:/Program Files/Microsoft Visual Studio/2022/Community/VC/Tools/MSVC/14.30.30705/bin/Hostx86/x86/cl.exe
Build flags:
Id flags:

The output was:
0
Microsoft (R) C/C++ Optimizing Compiler Versão 19.30.30705 para x86
Copyright (C) Microsoft Corporation. Todos os direitos reservados.

CMakeCCompilerId.c
Microsoft (R) Incremental Linker Version 14.30.30705.0
Copyright (C) Microsoft Corporation.  All rights reserved.

/out:CMakeCCompilerId.exe
CMakeCCompilerId.obj


Compilation of the C compiler identification source "CMakeCCompilerId.c" produced "CMakeCCompilerId.exe"

Compilation of the C compiler identification source "CMakeCCompilerId.c" produced "CMakeCCompilerId.obj"

The C compiler identification is MSVC, found in "C:/Users/DADi590/GoLandProjects/Fallout1DOSPatcher/Fallout1DOSPatches/cmake-build-debug-visual-studio/CMakeFiles/3.21.1/CompilerIdC/CMakeCCompilerId.exe"

Detecting C compiler ABI info compiled with the following output:
Change Dir: C:/Users/DADi590/GoLandProjects/Fallout1DOSPatcher/Fallout1DOSPatches/cmake-build-debug-visual-studio/CMakeFiles/CMakeTmp

Run Build Command(s):C:/Users/DADi590/AppData/Local/JetBrains/Toolbox/apps/CLion/ch-0/213.6461.75/bin/ninja/win/ninja.exe cmTC_70b2e && [1/2] Building C object CMakeFiles\cmTC_70b2e.dir\CMakeCCompilerABI.c.obj

Observação: incluindo arquivo: C:\Users\DADi590\AppData\Local\JetBrains\Toolbox\apps\CLion\ch-0\213.6461.75\bin\cmake\win\share\cmake-3.21\Modules\CMakeCompilerABI.h
[2/2] Linking C executable cmTC_70b2e.exe




